  Proyecto_Final.cpp
C:\Users\Admin\Documents\8 SEMESTRE\cg\REPOSITORIO\316324669_Proyecto_Gpo08\ProyectoFinal\ProyectoFinal\Proyecto_Final.cpp(164,30): warning C4244: 'inicializando': conversión de 'double' a 'GLfloat'; posible pérdida de datos
C:\Users\Admin\Documents\8 SEMESTRE\cg\REPOSITORIO\316324669_Proyecto_Gpo08\ProyectoFinal\ProyectoFinal\Proyecto_Final.cpp(353,29): warning C4305: '+=': truncamiento de 'double' a 'float'
C:\Users\Admin\Documents\8 SEMESTRE\cg\REPOSITORIO\316324669_Proyecto_Gpo08\ProyectoFinal\ProyectoFinal\Proyecto_Final.cpp(360,29): warning C4305: '-=': truncamiento de 'double' a 'float'
C:\Users\Admin\Documents\8 SEMESTRE\cg\REPOSITORIO\316324669_Proyecto_Gpo08\ProyectoFinal\ProyectoFinal\Proyecto_Final.cpp(370,29): warning C4305: '+=': truncamiento de 'double' a 'float'
C:\Users\Admin\Documents\8 SEMESTRE\cg\REPOSITORIO\316324669_Proyecto_Gpo08\ProyectoFinal\ProyectoFinal\Proyecto_Final.cpp(377,29): warning C4305: '-=': truncamiento de 'double' a 'float'
C:\Users\Admin\Documents\8 SEMESTRE\cg\REPOSITORIO\316324669_Proyecto_Gpo08\ProyectoFinal\ProyectoFinal\Proyecto_Final.cpp(565,17): warning C4244: '=': conversión de 'double' a 'GLfloat'; posible pérdida de datos
C:\Users\Admin\Documents\8 SEMESTRE\cg\REPOSITORIO\316324669_Proyecto_Gpo08\ProyectoFinal\ProyectoFinal\Proyecto_Final.cpp(566,17): warning C4244: '=': conversión de 'double' a 'GLfloat'; posible pérdida de datos
C:\Users\Admin\Documents\8 SEMESTRE\cg\REPOSITORIO\316324669_Proyecto_Gpo08\ProyectoFinal\ProyectoFinal\Proyecto_Final.cpp(570,21): warning C4244: 'inicializando': conversión de 'double' a 'GLfloat'; posible pérdida de datos
C:\Users\Admin\Documents\8 SEMESTRE\cg\REPOSITORIO\316324669_Proyecto_Gpo08\ProyectoFinal\ProyectoFinal\Proyecto_Final.cpp(571,21): warning C4244: 'inicializando': conversión de 'double' a 'GLfloat'; posible pérdida de datos
C:\Users\Admin\Documents\8 SEMESTRE\cg\REPOSITORIO\316324669_Proyecto_Gpo08\ProyectoFinal\ProyectoFinal\Proyecto_Final.cpp(573,13): warning C4244: '=': conversión de 'double' a 'GLfloat'; posible pérdida de datos
C:\Users\Admin\Documents\8 SEMESTRE\cg\REPOSITORIO\316324669_Proyecto_Gpo08\ProyectoFinal\ProyectoFinal\Proyecto_Final.cpp(574,13): warning C4244: '=': conversión de 'double' a 'GLfloat'; posible pérdida de datos
soil2-debug.lib(SOIL2.obj) : warning LNK4075: se omite '/EDITANDCONTINUE' debido a la especificación '/OPT:ICF'
LINK : warning LNK4098: la biblioteca predeterminada'MSVCRTD' entra en conflicto con otras bibliotecas; use la biblioteca /NODEFAULTLIB:biblioteca
  Generando código
  Previous IPDB and IOBJ mismatch, fall back to full compilation.
  All 635 functions were compiled because no usable IPDB/IOBJ from previous compilation was found.
  Generación de código finalizada
soil2-debug.lib(etc1_utils.obj) : warning LNK4099: no se encontró PDB '' con 'soil2-debug.lib(etc1_utils.obj)' o en ''; se vinculará el objeto sin tener en cuenta información de depuración
soil2-debug.lib(image_DXT.obj) : warning LNK4099: no se encontró PDB 'soil2-debug.pdb' con 'soil2-debug.lib(image_DXT.obj)' o en 'C:\Users\Admin\Documents\8 SEMESTRE\cg\REPOSITORIO\316324669_Proyecto_Gpo08\ProyectoFinal\Release\soil2-debug.pdb'; se vinculará el objeto sin tener en cuenta información de depuración
soil2-debug.lib(image_helper.obj) : warning LNK4099: no se encontró PDB 'soil2-debug.pdb' con 'soil2-debug.lib(image_helper.obj)' o en 'C:\Users\Admin\Documents\8 SEMESTRE\cg\REPOSITORIO\316324669_Proyecto_Gpo08\ProyectoFinal\Release\soil2-debug.pdb'; se vinculará el objeto sin tener en cuenta información de depuración
soil2-debug.lib(SOIL2.obj) : warning LNK4099: no se encontró PDB 'soil2-debug.pdb' con 'soil2-debug.lib(SOIL2.obj)' o en 'C:\Users\Admin\Documents\8 SEMESTRE\cg\REPOSITORIO\316324669_Proyecto_Gpo08\ProyectoFinal\Release\soil2-debug.pdb'; se vinculará el objeto sin tener en cuenta información de depuración
  ProyectoFinal.vcxproj -> C:\Users\Admin\Documents\8 SEMESTRE\cg\REPOSITORIO\316324669_Proyecto_Gpo08\ProyectoFinal\Release\ProyectoFinal.exe
